<?xml version="1.0" encoding="UTF-8"?>
<!-- Generated by org.testng.reporters.JUnitReportReporter -->
<testsuite hostname="DESKTOP-8DDNT4J" failures="0" tests="1" name="com.google.FirstTest" time="2.468" errors="0" timestamp="12 Feb 2022 17:19:47 GMT" skipped="0">
  <testcase classname="com.google.FirstTest" name="googleTest" time="2.468"/>
</testsuite> <!-- com.google.FirstTest -->
